0 verbose cli C:\Program Files\nodejs\node.exe C:\Program Files\nodejs\node_modules\npm\bin\npm-cli.js
1 info using npm@10.9.2
2 info using node@v22.16.0
3 silly config load:file:C:\Program Files\nodejs\node_modules\npm\npmrc
4 silly config load:file:C:\Users\maham\Open Source\MyBlog\.npmrc
5 silly config load:file:C:\Users\maham\.npmrc
6 silly config load:file:C:\Users\maham\AppData\Roaming\npm\etc\npmrc
7 verbose title npm install
8 verbose argv "install"
9 verbose logfile logs-max:10 dir:C:\Users\maham\Projects\Vincent\.npm\_logs\2025-11-24T19_14_02_404Z-
10 verbose logfile C:\Users\maham\Projects\Vincent\.npm\_logs\2025-11-24T19_14_02_404Z-debug-0.log
11 silly logfile start cleaning logs, removing 1 files
12 silly packumentCache heap:2197815296 maxSize:549453824 maxEntrySize:274726912
13 silly logfile done cleaning log files
14 silly idealTree buildDeps
15 silly reify moves {}
16 silly audit bulk request {
16 silly audit   '@babel/code-frame': [ '7.27.1' ],
16 silly audit   '@babel/compat-data': [ '7.28.5' ],
16 silly audit   '@babel/core': [ '7.28.5' ],
16 silly audit   '@babel/generator': [ '7.28.5' ],
16 silly audit   '@babel/helper-compilation-targets': [ '7.27.2' ],
16 silly audit   '@babel/helper-globals': [ '7.28.0' ],
16 silly audit   '@babel/helper-module-imports': [ '7.27.1' ],
16 silly audit   '@babel/helper-module-transforms': [ '7.28.3' ],
16 silly audit   '@babel/helper-plugin-utils': [ '7.27.1' ],
16 silly audit   '@babel/helper-string-parser': [ '7.27.1' ],
16 silly audit   '@babel/helper-validator-identifier': [ '7.28.5' ],
16 silly audit   '@babel/helper-validator-option': [ '7.27.1' ],
16 silly audit   '@babel/helpers': [ '7.28.4' ],
16 silly audit   '@babel/parser': [ '7.28.5' ],
16 silly audit   '@babel/plugin-transform-react-jsx-self': [ '7.27.1' ],
16 silly audit   '@babel/plugin-transform-react-jsx-source': [ '7.27.1' ],
16 silly audit   '@babel/template': [ '7.27.2' ],
16 silly audit   '@babel/traverse': [ '7.28.5' ],
16 silly audit   '@babel/types': [ '7.28.5' ],
16 silly audit   '@esbuild/android-arm': [ '0.18.20' ],
16 silly audit   '@esbuild/android-arm64': [ '0.18.20' ],
16 silly audit   '@esbuild/android-x64': [ '0.18.20' ],
16 silly audit   '@esbuild/darwin-arm64': [ '0.18.20' ],
16 silly audit   '@esbuild/darwin-x64': [ '0.18.20' ],
16 silly audit   '@esbuild/freebsd-arm64': [ '0.18.20' ],
16 silly audit   '@esbuild/freebsd-x64': [ '0.18.20' ],
16 silly audit   '@esbuild/linux-arm': [ '0.18.20' ],
16 silly audit   '@esbuild/linux-arm64': [ '0.18.20' ],
16 silly audit   '@esbuild/linux-ia32': [ '0.18.20' ],
16 silly audit   '@esbuild/linux-loong64': [ '0.18.20' ],
16 silly audit   '@esbuild/linux-mips64el': [ '0.18.20' ],
16 silly audit   '@esbuild/linux-ppc64': [ '0.18.20' ],
16 silly audit   '@esbuild/linux-riscv64': [ '0.18.20' ],
16 silly audit   '@esbuild/linux-s390x': [ '0.18.20' ],
16 silly audit   '@esbuild/linux-x64': [ '0.18.20' ],
16 silly audit   '@esbuild/netbsd-x64': [ '0.18.20' ],
16 silly audit   '@esbuild/openbsd-x64': [ '0.18.20' ],
16 silly audit   '@esbuild/sunos-x64': [ '0.18.20' ],
16 silly audit   '@esbuild/win32-arm64': [ '0.18.20' ],
16 silly audit   '@esbuild/win32-ia32': [ '0.18.20' ],
16 silly audit   '@esbuild/win32-x64': [ '0.18.20' ],
16 silly audit   '@jridgewell/gen-mapping': [ '0.3.13' ],
16 silly audit   '@jridgewell/remapping': [ '2.3.5' ],
16 silly audit   '@jridgewell/resolve-uri': [ '3.1.2' ],
16 silly audit   '@jridgewell/sourcemap-codec': [ '1.5.5' ],
16 silly audit   '@jridgewell/trace-mapping': [ '0.3.31' ],
16 silly audit   '@rolldown/pluginutils': [ '1.0.0-beta.27' ],
16 silly audit   '@types/babel__core': [ '7.20.5' ],
16 silly audit   '@types/babel__generator': [ '7.27.0' ],
16 silly audit   '@types/babel__template': [ '7.4.4' ],
16 silly audit   '@types/babel__traverse': [ '7.28.0' ],
16 silly audit   '@vitejs/plugin-react': [ '4.7.0' ],
16 silly audit   'baseline-browser-mapping': [ '2.8.20' ],
16 silly audit   browserslist: [ '4.27.0' ],
16 silly audit   'caniuse-lite': [ '1.0.30001751' ],
16 silly audit   'convert-source-map': [ '2.0.0' ],
16 silly audit   debug: [ '4.4.3' ],
16 silly audit   'electron-to-chromium': [ '1.5.240' ],
16 silly audit   esbuild: [ '0.18.20' ],
16 silly audit   escalade: [ '3.2.0' ],
16 silly audit   fsevents: [ '2.3.3' ],
16 silly audit   gensync: [ '1.0.0-beta.2' ],
16 silly audit   'js-tokens': [ '4.0.0' ],
16 silly audit   jsesc: [ '3.1.0' ],
16 silly audit   json5: [ '2.2.3' ],
16 silly audit   'loose-envify': [ '1.4.0' ],
16 silly audit   'lru-cache': [ '5.1.1' ],
16 silly audit   ms: [ '2.1.3' ],
16 silly audit   nanoid: [ '3.3.11' ],
16 silly audit   'node-releases': [ '2.0.26' ],
16 silly audit   picocolors: [ '1.1.1' ],
16 silly audit   postcss: [ '8.5.6' ],
16 silly audit   react: [ '18.3.1' ],
16 silly audit   'react-dom': [ '18.3.1' ],
16 silly audit   'react-refresh': [ '0.17.0' ],
16 silly audit   rollup: [ '3.29.5' ],
16 silly audit   scheduler: [ '0.23.2' ],
16 silly audit   semver: [ '6.3.1' ],
16 silly audit   'source-map-js': [ '1.2.1' ],
16 silly audit   'update-browserslist-db': [ '1.1.4' ],
16 silly audit   vite: [ '4.5.14' ],
16 silly audit   yallist: [ '3.1.1' ]
16 silly audit }
17 verbose reify failed optional dependency C:\Users\maham\Open Source\MyBlog\node_modules\fsevents
18 silly reify mark deleted [ 'C:\\Users\\maham\\Open Source\\MyBlog\\node_modules\\fsevents' ]
19 verbose reify failed optional dependency C:\Users\maham\Open Source\MyBlog\node_modules\@esbuild\win32-ia32
20 silly reify mark deleted [
20 silly reify   'C:\\Users\\maham\\Open Source\\MyBlog\\node_modules\\@esbuild\\win32-ia32'
20 silly reify ]
21 verbose reify failed optional dependency C:\Users\maham\Open Source\MyBlog\node_modules\@esbuild\win32-arm64
22 silly reify mark deleted [
22 silly reify   'C:\\Users\\maham\\Open Source\\MyBlog\\node_modules\\@esbuild\\win32-arm64'
22 silly reify ]
23 verbose reify failed optional dependency C:\Users\maham\Open Source\MyBlog\node_modules\@esbuild\sunos-x64
24 silly reify mark deleted [
24 silly reify   'C:\\Users\\maham\\Open Source\\MyBlog\\node_modules\\@esbuild\\sunos-x64'
24 silly reify ]
25 verbose reify failed optional dependency C:\Users\maham\Open Source\MyBlog\node_modules\@esbuild\openbsd-x64
26 silly reify mark deleted [
26 silly reify   'C:\\Users\\maham\\Open Source\\MyBlog\\node_modules\\@esbuild\\openbsd-x64'
26 silly reify ]
27 verbose reify failed optional dependency C:\Users\maham\Open Source\MyBlog\node_modules\@esbuild\netbsd-x64
28 silly reify mark deleted [
28 silly reify   'C:\\Users\\maham\\Open Source\\MyBlog\\node_modules\\@esbuild\\netbsd-x64'
28 silly reify ]
29 verbose reify failed optional dependency C:\Users\maham\Open Source\MyBlog\node_modules\@esbuild\linux-x64
30 silly reify mark deleted [
30 silly reify   'C:\\Users\\maham\\Open Source\\MyBlog\\node_modules\\@esbuild\\linux-x64'
30 silly reify ]
31 verbose reify failed optional dependency C:\Users\maham\Open Source\MyBlog\node_modules\@esbuild\linux-s390x
32 silly reify mark deleted [
32 silly reify   'C:\\Users\\maham\\Open Source\\MyBlog\\node_modules\\@esbuild\\linux-s390x'
32 silly reify ]
33 verbose reify failed optional dependency C:\Users\maham\Open Source\MyBlog\node_modules\@esbuild\linux-riscv64
34 silly reify mark deleted [
34 silly reify   'C:\\Users\\maham\\Open Source\\MyBlog\\node_modules\\@esbuild\\linux-riscv64'
34 silly reify ]
35 verbose reify failed optional dependency C:\Users\maham\Open Source\MyBlog\node_modules\@esbuild\linux-ppc64
36 silly reify mark deleted [
36 silly reify   'C:\\Users\\maham\\Open Source\\MyBlog\\node_modules\\@esbuild\\linux-ppc64'
36 silly reify ]
37 verbose reify failed optional dependency C:\Users\maham\Open Source\MyBlog\node_modules\@esbuild\linux-mips64el
38 silly reify mark deleted [
38 silly reify   'C:\\Users\\maham\\Open Source\\MyBlog\\node_modules\\@esbuild\\linux-mips64el'
38 silly reify ]
39 verbose reify failed optional dependency C:\Users\maham\Open Source\MyBlog\node_modules\@esbuild\linux-loong64
40 silly reify mark deleted [
40 silly reify   'C:\\Users\\maham\\Open Source\\MyBlog\\node_modules\\@esbuild\\linux-loong64'
40 silly reify ]
41 verbose reify failed optional dependency C:\Users\maham\Open Source\MyBlog\node_modules\@esbuild\linux-ia32
42 silly reify mark deleted [
42 silly reify   'C:\\Users\\maham\\Open Source\\MyBlog\\node_modules\\@esbuild\\linux-ia32'
42 silly reify ]
43 verbose reify failed optional dependency C:\Users\maham\Open Source\MyBlog\node_modules\@esbuild\linux-arm64
44 silly reify mark deleted [
44 silly reify   'C:\\Users\\maham\\Open Source\\MyBlog\\node_modules\\@esbuild\\linux-arm64'
44 silly reify ]
45 verbose reify failed optional dependency C:\Users\maham\Open Source\MyBlog\node_modules\@esbuild\linux-arm
46 silly reify mark deleted [
46 silly reify   'C:\\Users\\maham\\Open Source\\MyBlog\\node_modules\\@esbuild\\linux-arm'
46 silly reify ]
47 verbose reify failed optional dependency C:\Users\maham\Open Source\MyBlog\node_modules\@esbuild\freebsd-x64
48 silly reify mark deleted [
48 silly reify   'C:\\Users\\maham\\Open Source\\MyBlog\\node_modules\\@esbuild\\freebsd-x64'
48 silly reify ]
49 verbose reify failed optional dependency C:\Users\maham\Open Source\MyBlog\node_modules\@esbuild\freebsd-arm64
50 silly reify mark deleted [
50 silly reify   'C:\\Users\\maham\\Open Source\\MyBlog\\node_modules\\@esbuild\\freebsd-arm64'
50 silly reify ]
51 verbose reify failed optional dependency C:\Users\maham\Open Source\MyBlog\node_modules\@esbuild\darwin-x64
52 silly reify mark deleted [
52 silly reify   'C:\\Users\\maham\\Open Source\\MyBlog\\node_modules\\@esbuild\\darwin-x64'
52 silly reify ]
53 verbose reify failed optional dependency C:\Users\maham\Open Source\MyBlog\node_modules\@esbuild\darwin-arm64
54 silly reify mark deleted [
54 silly reify   'C:\\Users\\maham\\Open Source\\MyBlog\\node_modules\\@esbuild\\darwin-arm64'
54 silly reify ]
55 verbose reify failed optional dependency C:\Users\maham\Open Source\MyBlog\node_modules\@esbuild\android-x64
56 silly reify mark deleted [
56 silly reify   'C:\\Users\\maham\\Open Source\\MyBlog\\node_modules\\@esbuild\\android-x64'
56 silly reify ]
57 verbose reify failed optional dependency C:\Users\maham\Open Source\MyBlog\node_modules\@esbuild\android-arm64
58 silly reify mark deleted [
58 silly reify   'C:\\Users\\maham\\Open Source\\MyBlog\\node_modules\\@esbuild\\android-arm64'
58 silly reify ]
59 verbose reify failed optional dependency C:\Users\maham\Open Source\MyBlog\node_modules\@esbuild\android-arm
60 silly reify mark deleted [
60 silly reify   'C:\\Users\\maham\\Open Source\\MyBlog\\node_modules\\@esbuild\\android-arm'
60 silly reify ]
61 http fetch POST 200 https://registry.npmjs.org/-/npm/v1/security/advisories/bulk 589ms
62 silly audit report {
62 silly audit report   esbuild: [
62 silly audit report     {
62 silly audit report       id: 1102341,
62 silly audit report       url: 'https://github.com/advisories/GHSA-67mh-4wv8-2f99',
62 silly audit report       title: 'esbuild enables any website to send any requests to the development server and read the response',
62 silly audit report       severity: 'moderate',
62 silly audit report       vulnerable_versions: '<=0.24.2',
62 silly audit report       cwe: [Array],
62 silly audit report       cvss: [Object]
62 silly audit report     }
62 silly audit report   ],
62 silly audit report   vite: [
62 silly audit report     {
62 silly audit report       id: 1107323,
62 silly audit report       url: 'https://github.com/advisories/GHSA-g4jq-h2w9-997c',
62 silly audit report       title: 'Vite middleware may serve files starting with the same name with the public directory',
62 silly audit report       severity: 'low',
62 silly audit report       vulnerable_versions: '<=5.4.19',
62 silly audit report       cwe: [Array],
62 silly audit report       cvss: [Object]
62 silly audit report     },
62 silly audit report     {
62 silly audit report       id: 1107327,
62 silly audit report       url: 'https://github.com/advisories/GHSA-jqfw-vq24-v9c3',
62 silly audit report       title: "Vite's `server.fs` settings were not applied to HTML files",
62 silly audit report       severity: 'low',
62 silly audit report       vulnerable_versions: '<=5.4.19',
62 silly audit report       cwe: [Array],
62 silly audit report       cvss: [Object]
62 silly audit report     },
62 silly audit report     {
62 silly audit report       id: 1109132,
62 silly audit report       url: 'https://github.com/advisories/GHSA-93m4-6634-74q7',
62 silly audit report       title: 'vite allows server.fs.deny bypass via backslash on Windows',
62 silly audit report       severity: 'moderate',
62 silly audit report       vulnerable_versions: '>=4.5.3 <5.0.0',
62 silly audit report       cwe: [Array],
62 silly audit report       cvss: [Object]
62 silly audit report     }
62 silly audit report   ]
62 silly audit report }
63 silly packumentCache corgi:https://registry.npmjs.org/esbuild cache-miss
64 silly packumentCache corgi:https://registry.npmjs.org/vite cache-miss
65 http fetch GET 200 https://registry.npmjs.org/esbuild 161ms (cache revalidated)
66 silly packumentCache corgi:https://registry.npmjs.org/esbuild set size:874529 disposed:false
67 http fetch GET 200 https://registry.npmjs.org/vite 222ms (cache revalidated)
68 silly packumentCache corgi:https://registry.npmjs.org/vite set size:2127348 disposed:false
69 silly packumentCache corgi:https://registry.npmjs.org/@vitejs%2fplugin-react cache-miss
70 http fetch GET 200 https://registry.npmjs.org/@vitejs%2fplugin-react 77ms (cache revalidated)
71 silly packumentCache corgi:https://registry.npmjs.org/@vitejs%2fplugin-react set size:103634 disposed:false
72 silly ADD
73 silly ADD
74 silly ADD
75 silly ADD
76 silly ADD
77 silly ADD
78 silly ADD
79 silly ADD
80 silly ADD
81 silly ADD
82 silly ADD
83 silly ADD
84 silly ADD
85 silly ADD
86 silly ADD
87 silly ADD
88 silly ADD
89 silly ADD
90 silly ADD
91 silly ADD
92 silly ADD
93 silly ADD
94 verbose cwd C:\Users\maham\Open Source\MyBlog
95 verbose os Windows_NT 10.0.26200
96 verbose node v22.16.0
97 verbose npm  v10.9.2
98 verbose exit 0
99 info ok
