0 verbose cli C:\Program Files\nodejs\node.exe C:\Program Files\nodejs\node_modules\npm\bin\npm-cli.js
1 info using npm@10.9.2
2 info using node@v22.16.0
3 silly config load:file:C:\Program Files\nodejs\node_modules\npm\npmrc
4 silly config load:file:C:\Users\maham\Open Source\react-portfolio\.npmrc
5 silly config load:file:C:\Users\maham\.npmrc
6 silly config load:file:C:\Users\maham\AppData\Roaming\npm\etc\npmrc
7 verbose title npm install
8 verbose argv "install"
9 verbose logfile logs-max:10 dir:C:\Users\maham\Projects\Vincent\.npm\_logs\2025-11-24T03_28_09_981Z-
10 verbose logfile C:\Users\maham\Projects\Vincent\.npm\_logs\2025-11-24T03_28_09_981Z-debug-0.log
11 silly logfile start cleaning logs, removing 1 files
12 silly packumentCache heap:2197815296 maxSize:549453824 maxEntrySize:274726912
13 silly logfile done cleaning log files
14 silly idealTree buildDeps
15 silly reify moves {}
16 silly audit bulk request {
16 silly audit   '@babel/code-frame': [ '7.27.1' ],
16 silly audit   '@babel/compat-data': [ '7.28.5' ],
16 silly audit   '@babel/core': [ '7.28.5' ],
16 silly audit   '@babel/generator': [ '7.28.5' ],
16 silly audit   '@babel/helper-compilation-targets': [ '7.27.2' ],
16 silly audit   '@babel/helper-globals': [ '7.28.0' ],
16 silly audit   '@babel/helper-module-imports': [ '7.27.1' ],
16 silly audit   '@babel/helper-module-transforms': [ '7.28.3' ],
16 silly audit   '@babel/helper-plugin-utils': [ '7.27.1' ],
16 silly audit   '@babel/helper-string-parser': [ '7.27.1' ],
16 silly audit   '@babel/helper-validator-identifier': [ '7.28.5' ],
16 silly audit   '@babel/helper-validator-option': [ '7.27.1' ],
16 silly audit   '@babel/helpers': [ '7.28.4' ],
16 silly audit   '@babel/parser': [ '7.28.5' ],
16 silly audit   '@babel/plugin-transform-react-jsx-self': [ '7.27.1' ],
16 silly audit   '@babel/plugin-transform-react-jsx-source': [ '7.27.1' ],
16 silly audit   '@babel/template': [ '7.27.2' ],
16 silly audit   '@babel/traverse': [ '7.28.5' ],
16 silly audit   '@babel/types': [ '7.28.5' ],
16 silly audit   '@esbuild/aix-ppc64': [ '0.25.12' ],
16 silly audit   '@esbuild/android-arm': [ '0.25.12' ],
16 silly audit   '@esbuild/android-arm64': [ '0.25.12' ],
16 silly audit   '@esbuild/android-x64': [ '0.25.12' ],
16 silly audit   '@esbuild/darwin-arm64': [ '0.25.12' ],
16 silly audit   '@esbuild/darwin-x64': [ '0.25.12' ],
16 silly audit   '@esbuild/freebsd-arm64': [ '0.25.12' ],
16 silly audit   '@esbuild/freebsd-x64': [ '0.25.12' ],
16 silly audit   '@esbuild/linux-arm': [ '0.25.12' ],
16 silly audit   '@esbuild/linux-arm64': [ '0.25.12' ],
16 silly audit   '@esbuild/linux-ia32': [ '0.25.12' ],
16 silly audit   '@esbuild/linux-loong64': [ '0.25.12' ],
16 silly audit   '@esbuild/linux-mips64el': [ '0.25.12' ],
16 silly audit   '@esbuild/linux-ppc64': [ '0.25.12' ],
16 silly audit   '@esbuild/linux-riscv64': [ '0.25.12' ],
16 silly audit   '@esbuild/linux-s390x': [ '0.25.12' ],
16 silly audit   '@esbuild/linux-x64': [ '0.25.12' ],
16 silly audit   '@esbuild/netbsd-arm64': [ '0.25.12' ],
16 silly audit   '@esbuild/netbsd-x64': [ '0.25.12' ],
16 silly audit   '@esbuild/openbsd-arm64': [ '0.25.12' ],
16 silly audit   '@esbuild/openbsd-x64': [ '0.25.12' ],
16 silly audit   '@esbuild/openharmony-arm64': [ '0.25.12' ],
16 silly audit   '@esbuild/sunos-x64': [ '0.25.12' ],
16 silly audit   '@esbuild/win32-arm64': [ '0.25.12' ],
16 silly audit   '@esbuild/win32-ia32': [ '0.25.12' ],
16 silly audit   '@esbuild/win32-x64': [ '0.25.12' ],
16 silly audit   '@jridgewell/gen-mapping': [ '0.3.13' ],
16 silly audit   '@jridgewell/remapping': [ '2.3.5' ],
16 silly audit   '@jridgewell/resolve-uri': [ '3.1.2' ],
16 silly audit   '@jridgewell/sourcemap-codec': [ '1.5.5' ],
16 silly audit   '@jridgewell/trace-mapping': [ '0.3.31' ],
16 silly audit   '@rolldown/pluginutils': [ '1.0.0-beta.43' ],
16 silly audit   '@rollup/rollup-android-arm-eabi': [ '4.53.2' ],
16 silly audit   '@rollup/rollup-android-arm64': [ '4.53.2' ],
16 silly audit   '@rollup/rollup-darwin-arm64': [ '4.53.2' ],
16 silly audit   '@rollup/rollup-darwin-x64': [ '4.53.2' ],
16 silly audit   '@rollup/rollup-freebsd-arm64': [ '4.53.2' ],
16 silly audit   '@rollup/rollup-freebsd-x64': [ '4.53.2' ],
16 silly audit   '@rollup/rollup-linux-arm-gnueabihf': [ '4.53.2' ],
16 silly audit   '@rollup/rollup-linux-arm-musleabihf': [ '4.53.2' ],
16 silly audit   '@rollup/rollup-linux-arm64-gnu': [ '4.53.2' ],
16 silly audit   '@rollup/rollup-linux-arm64-musl': [ '4.53.2' ],
16 silly audit   '@rollup/rollup-linux-loong64-gnu': [ '4.53.2' ],
16 silly audit   '@rollup/rollup-linux-ppc64-gnu': [ '4.53.2' ],
16 silly audit   '@rollup/rollup-linux-riscv64-gnu': [ '4.53.2' ],
16 silly audit   '@rollup/rollup-linux-riscv64-musl': [ '4.53.2' ],
16 silly audit   '@rollup/rollup-linux-s390x-gnu': [ '4.53.2' ],
16 silly audit   '@rollup/rollup-linux-x64-gnu': [ '4.53.2' ],
16 silly audit   '@rollup/rollup-linux-x64-musl': [ '4.53.2' ],
16 silly audit   '@rollup/rollup-openharmony-arm64': [ '4.53.2' ],
16 silly audit   '@rollup/rollup-win32-arm64-msvc': [ '4.53.2' ],
16 silly audit   '@rollup/rollup-win32-ia32-msvc': [ '4.53.2' ],
16 silly audit   '@rollup/rollup-win32-x64-gnu': [ '4.53.2' ],
16 silly audit   '@rollup/rollup-win32-x64-msvc': [ '4.53.2' ],
16 silly audit   '@types/babel__core': [ '7.20.5' ],
16 silly audit   '@types/babel__generator': [ '7.27.0' ],
16 silly audit   '@types/babel__template': [ '7.4.4' ],
16 silly audit   '@types/babel__traverse': [ '7.28.0' ],
16 silly audit   '@types/estree': [ '1.0.8' ],
16 silly audit   '@vitejs/plugin-react': [ '5.1.0' ],
16 silly audit   'baseline-browser-mapping': [ '2.8.26' ],
16 silly audit   browserslist: [ '4.28.0' ],
16 silly audit   'caniuse-lite': [ '1.0.30001754' ],
16 silly audit   'convert-source-map': [ '2.0.0' ],
16 silly audit   debug: [ '4.4.3' ],
16 silly audit   'electron-to-chromium': [ '1.5.250' ],
16 silly audit   esbuild: [ '0.25.12' ],
16 silly audit   escalade: [ '3.2.0' ],
16 silly audit   fdir: [ '6.5.0' ],
16 silly audit   fsevents: [ '2.3.3' ],
16 silly audit   gensync: [ '1.0.0-beta.2' ],
16 silly audit   'js-tokens': [ '4.0.0' ],
16 silly audit   jsesc: [ '3.1.0' ],
16 silly audit   json5: [ '2.2.3' ],
16 silly audit   'lru-cache': [ '5.1.1' ],
16 silly audit   ms: [ '2.1.3' ],
16 silly audit   nanoid: [ '3.3.11' ],
16 silly audit   'node-releases': [ '2.0.27' ],
16 silly audit   picocolors: [ '1.1.1' ],
16 silly audit   picomatch: [ '4.0.3' ],
16 silly audit   postcss: [ '8.5.6' ],
16 silly audit   react: [ '19.2.0' ],
16 silly audit   'react-dom': [ '19.2.0' ],
16 silly audit   'react-refresh': [ '0.18.0' ],
16 silly audit   rollup: [ '4.53.2' ],
16 silly audit   scheduler: [ '0.27.0' ],
16 silly audit   semver: [ '6.3.1' ],
16 silly audit   'source-map-js': [ '1.2.1' ],
16 silly audit   tinyglobby: [ '0.2.15' ],
16 silly audit   'update-browserslist-db': [ '1.1.4' ],
16 silly audit   vite: [ '7.2.2' ],
16 silly audit   yallist: [ '3.1.1' ]
16 silly audit }
17 verbose reify failed optional dependency C:\Users\maham\Open Source\react-portfolio\node_modules\fsevents
18 silly reify mark deleted [
18 silly reify   'C:\\Users\\maham\\Open Source\\react-portfolio\\node_modules\\fsevents'
18 silly reify ]
19 verbose reify failed optional dependency C:\Users\maham\Open Source\react-portfolio\node_modules\@rollup\rollup-win32-ia32-msvc
20 silly reify mark deleted [
20 silly reify   'C:\\Users\\maham\\Open Source\\react-portfolio\\node_modules\\@rollup\\rollup-win32-ia32-msvc'
20 silly reify ]
21 verbose reify failed optional dependency C:\Users\maham\Open Source\react-portfolio\node_modules\@rollup\rollup-win32-arm64-msvc
22 silly reify mark deleted [
22 silly reify   'C:\\Users\\maham\\Open Source\\react-portfolio\\node_modules\\@rollup\\rollup-win32-arm64-msvc'
22 silly reify ]
23 verbose reify failed optional dependency C:\Users\maham\Open Source\react-portfolio\node_modules\@rollup\rollup-openharmony-arm64
24 silly reify mark deleted [
24 silly reify   'C:\\Users\\maham\\Open Source\\react-portfolio\\node_modules\\@rollup\\rollup-openharmony-arm64'
24 silly reify ]
25 verbose reify failed optional dependency C:\Users\maham\Open Source\react-portfolio\node_modules\@rollup\rollup-linux-x64-musl
26 silly reify mark deleted [
26 silly reify   'C:\\Users\\maham\\Open Source\\react-portfolio\\node_modules\\@rollup\\rollup-linux-x64-musl'
26 silly reify ]
27 verbose reify failed optional dependency C:\Users\maham\Open Source\react-portfolio\node_modules\@rollup\rollup-linux-x64-gnu
28 silly reify mark deleted [
28 silly reify   'C:\\Users\\maham\\Open Source\\react-portfolio\\node_modules\\@rollup\\rollup-linux-x64-gnu'
28 silly reify ]
29 verbose reify failed optional dependency C:\Users\maham\Open Source\react-portfolio\node_modules\@rollup\rollup-linux-s390x-gnu
30 silly reify mark deleted [
30 silly reify   'C:\\Users\\maham\\Open Source\\react-portfolio\\node_modules\\@rollup\\rollup-linux-s390x-gnu'
30 silly reify ]
31 verbose reify failed optional dependency C:\Users\maham\Open Source\react-portfolio\node_modules\@rollup\rollup-linux-riscv64-musl
32 silly reify mark deleted [
32 silly reify   'C:\\Users\\maham\\Open Source\\react-portfolio\\node_modules\\@rollup\\rollup-linux-riscv64-musl'
32 silly reify ]
33 verbose reify failed optional dependency C:\Users\maham\Open Source\react-portfolio\node_modules\@rollup\rollup-linux-riscv64-gnu
34 silly reify mark deleted [
34 silly reify   'C:\\Users\\maham\\Open Source\\react-portfolio\\node_modules\\@rollup\\rollup-linux-riscv64-gnu'
34 silly reify ]
35 verbose reify failed optional dependency C:\Users\maham\Open Source\react-portfolio\node_modules\@rollup\rollup-linux-ppc64-gnu
36 silly reify mark deleted [
36 silly reify   'C:\\Users\\maham\\Open Source\\react-portfolio\\node_modules\\@rollup\\rollup-linux-ppc64-gnu'
36 silly reify ]
37 verbose reify failed optional dependency C:\Users\maham\Open Source\react-portfolio\node_modules\@rollup\rollup-linux-loong64-gnu
38 silly reify mark deleted [
38 silly reify   'C:\\Users\\maham\\Open Source\\react-portfolio\\node_modules\\@rollup\\rollup-linux-loong64-gnu'
38 silly reify ]
39 verbose reify failed optional dependency C:\Users\maham\Open Source\react-portfolio\node_modules\@rollup\rollup-linux-arm64-musl
40 silly reify mark deleted [
40 silly reify   'C:\\Users\\maham\\Open Source\\react-portfolio\\node_modules\\@rollup\\rollup-linux-arm64-musl'
40 silly reify ]
41 verbose reify failed optional dependency C:\Users\maham\Open Source\react-portfolio\node_modules\@rollup\rollup-linux-arm64-gnu
42 silly reify mark deleted [
42 silly reify   'C:\\Users\\maham\\Open Source\\react-portfolio\\node_modules\\@rollup\\rollup-linux-arm64-gnu'
42 silly reify ]
43 verbose reify failed optional dependency C:\Users\maham\Open Source\react-portfolio\node_modules\@rollup\rollup-linux-arm-musleabihf
44 silly reify mark deleted [
44 silly reify   'C:\\Users\\maham\\Open Source\\react-portfolio\\node_modules\\@rollup\\rollup-linux-arm-musleabihf'
44 silly reify ]
45 verbose reify failed optional dependency C:\Users\maham\Open Source\react-portfolio\node_modules\@rollup\rollup-linux-arm-gnueabihf
46 silly reify mark deleted [
46 silly reify   'C:\\Users\\maham\\Open Source\\react-portfolio\\node_modules\\@rollup\\rollup-linux-arm-gnueabihf'
46 silly reify ]
47 verbose reify failed optional dependency C:\Users\maham\Open Source\react-portfolio\node_modules\@rollup\rollup-freebsd-x64
48 silly reify mark deleted [
48 silly reify   'C:\\Users\\maham\\Open Source\\react-portfolio\\node_modules\\@rollup\\rollup-freebsd-x64'
48 silly reify ]
49 verbose reify failed optional dependency C:\Users\maham\Open Source\react-portfolio\node_modules\@rollup\rollup-freebsd-arm64
50 silly reify mark deleted [
50 silly reify   'C:\\Users\\maham\\Open Source\\react-portfolio\\node_modules\\@rollup\\rollup-freebsd-arm64'
50 silly reify ]
51 verbose reify failed optional dependency C:\Users\maham\Open Source\react-portfolio\node_modules\@rollup\rollup-darwin-x64
52 silly reify mark deleted [
52 silly reify   'C:\\Users\\maham\\Open Source\\react-portfolio\\node_modules\\@rollup\\rollup-darwin-x64'
52 silly reify ]
53 verbose reify failed optional dependency C:\Users\maham\Open Source\react-portfolio\node_modules\@rollup\rollup-darwin-arm64
54 silly reify mark deleted [
54 silly reify   'C:\\Users\\maham\\Open Source\\react-portfolio\\node_modules\\@rollup\\rollup-darwin-arm64'
54 silly reify ]
55 verbose reify failed optional dependency C:\Users\maham\Open Source\react-portfolio\node_modules\@rollup\rollup-android-arm64
56 silly reify mark deleted [
56 silly reify   'C:\\Users\\maham\\Open Source\\react-portfolio\\node_modules\\@rollup\\rollup-android-arm64'
56 silly reify ]
57 verbose reify failed optional dependency C:\Users\maham\Open Source\react-portfolio\node_modules\@rollup\rollup-android-arm-eabi
58 silly reify mark deleted [
58 silly reify   'C:\\Users\\maham\\Open Source\\react-portfolio\\node_modules\\@rollup\\rollup-android-arm-eabi'
58 silly reify ]
59 verbose reify failed optional dependency C:\Users\maham\Open Source\react-portfolio\node_modules\@esbuild\win32-ia32
60 silly reify mark deleted [
60 silly reify   'C:\\Users\\maham\\Open Source\\react-portfolio\\node_modules\\@esbuild\\win32-ia32'
60 silly reify ]
61 verbose reify failed optional dependency C:\Users\maham\Open Source\react-portfolio\node_modules\@esbuild\win32-arm64
62 silly reify mark deleted [
62 silly reify   'C:\\Users\\maham\\Open Source\\react-portfolio\\node_modules\\@esbuild\\win32-arm64'
62 silly reify ]
63 verbose reify failed optional dependency C:\Users\maham\Open Source\react-portfolio\node_modules\@esbuild\sunos-x64
64 silly reify mark deleted [
64 silly reify   'C:\\Users\\maham\\Open Source\\react-portfolio\\node_modules\\@esbuild\\sunos-x64'
64 silly reify ]
65 verbose reify failed optional dependency C:\Users\maham\Open Source\react-portfolio\node_modules\@esbuild\openharmony-arm64
66 silly reify mark deleted [
66 silly reify   'C:\\Users\\maham\\Open Source\\react-portfolio\\node_modules\\@esbuild\\openharmony-arm64'
66 silly reify ]
67 verbose reify failed optional dependency C:\Users\maham\Open Source\react-portfolio\node_modules\@esbuild\openbsd-x64
68 silly reify mark deleted [
68 silly reify   'C:\\Users\\maham\\Open Source\\react-portfolio\\node_modules\\@esbuild\\openbsd-x64'
68 silly reify ]
69 verbose reify failed optional dependency C:\Users\maham\Open Source\react-portfolio\node_modules\@esbuild\openbsd-arm64
70 silly reify mark deleted [
70 silly reify   'C:\\Users\\maham\\Open Source\\react-portfolio\\node_modules\\@esbuild\\openbsd-arm64'
70 silly reify ]
71 verbose reify failed optional dependency C:\Users\maham\Open Source\react-portfolio\node_modules\@esbuild\netbsd-x64
72 silly reify mark deleted [
72 silly reify   'C:\\Users\\maham\\Open Source\\react-portfolio\\node_modules\\@esbuild\\netbsd-x64'
72 silly reify ]
73 verbose reify failed optional dependency C:\Users\maham\Open Source\react-portfolio\node_modules\@esbuild\netbsd-arm64
74 silly reify mark deleted [
74 silly reify   'C:\\Users\\maham\\Open Source\\react-portfolio\\node_modules\\@esbuild\\netbsd-arm64'
74 silly reify ]
75 verbose reify failed optional dependency C:\Users\maham\Open Source\react-portfolio\node_modules\@esbuild\linux-x64
76 silly reify mark deleted [
76 silly reify   'C:\\Users\\maham\\Open Source\\react-portfolio\\node_modules\\@esbuild\\linux-x64'
76 silly reify ]
77 verbose reify failed optional dependency C:\Users\maham\Open Source\react-portfolio\node_modules\@esbuild\linux-s390x
78 silly reify mark deleted [
78 silly reify   'C:\\Users\\maham\\Open Source\\react-portfolio\\node_modules\\@esbuild\\linux-s390x'
78 silly reify ]
79 verbose reify failed optional dependency C:\Users\maham\Open Source\react-portfolio\node_modules\@esbuild\linux-riscv64
80 silly reify mark deleted [
80 silly reify   'C:\\Users\\maham\\Open Source\\react-portfolio\\node_modules\\@esbuild\\linux-riscv64'
80 silly reify ]
81 verbose reify failed optional dependency C:\Users\maham\Open Source\react-portfolio\node_modules\@esbuild\linux-ppc64
82 silly reify mark deleted [
82 silly reify   'C:\\Users\\maham\\Open Source\\react-portfolio\\node_modules\\@esbuild\\linux-ppc64'
82 silly reify ]
83 verbose reify failed optional dependency C:\Users\maham\Open Source\react-portfolio\node_modules\@esbuild\linux-mips64el
84 silly reify mark deleted [
84 silly reify   'C:\\Users\\maham\\Open Source\\react-portfolio\\node_modules\\@esbuild\\linux-mips64el'
84 silly reify ]
85 verbose reify failed optional dependency C:\Users\maham\Open Source\react-portfolio\node_modules\@esbuild\linux-loong64
86 silly reify mark deleted [
86 silly reify   'C:\\Users\\maham\\Open Source\\react-portfolio\\node_modules\\@esbuild\\linux-loong64'
86 silly reify ]
87 verbose reify failed optional dependency C:\Users\maham\Open Source\react-portfolio\node_modules\@esbuild\linux-ia32
88 silly reify mark deleted [
88 silly reify   'C:\\Users\\maham\\Open Source\\react-portfolio\\node_modules\\@esbuild\\linux-ia32'
88 silly reify ]
89 verbose reify failed optional dependency C:\Users\maham\Open Source\react-portfolio\node_modules\@esbuild\linux-arm64
90 silly reify mark deleted [
90 silly reify   'C:\\Users\\maham\\Open Source\\react-portfolio\\node_modules\\@esbuild\\linux-arm64'
90 silly reify ]
91 verbose reify failed optional dependency C:\Users\maham\Open Source\react-portfolio\node_modules\@esbuild\linux-arm
92 silly reify mark deleted [
92 silly reify   'C:\\Users\\maham\\Open Source\\react-portfolio\\node_modules\\@esbuild\\linux-arm'
92 silly reify ]
93 verbose reify failed optional dependency C:\Users\maham\Open Source\react-portfolio\node_modules\@esbuild\freebsd-x64
94 silly reify mark deleted [
94 silly reify   'C:\\Users\\maham\\Open Source\\react-portfolio\\node_modules\\@esbuild\\freebsd-x64'
94 silly reify ]
95 verbose reify failed optional dependency C:\Users\maham\Open Source\react-portfolio\node_modules\@esbuild\freebsd-arm64
96 silly reify mark deleted [
96 silly reify   'C:\\Users\\maham\\Open Source\\react-portfolio\\node_modules\\@esbuild\\freebsd-arm64'
96 silly reify ]
97 verbose reify failed optional dependency C:\Users\maham\Open Source\react-portfolio\node_modules\@esbuild\darwin-x64
98 silly reify mark deleted [
98 silly reify   'C:\\Users\\maham\\Open Source\\react-portfolio\\node_modules\\@esbuild\\darwin-x64'
98 silly reify ]
99 verbose reify failed optional dependency C:\Users\maham\Open Source\react-portfolio\node_modules\@esbuild\darwin-arm64
100 silly reify mark deleted [
100 silly reify   'C:\\Users\\maham\\Open Source\\react-portfolio\\node_modules\\@esbuild\\darwin-arm64'
100 silly reify ]
101 verbose reify failed optional dependency C:\Users\maham\Open Source\react-portfolio\node_modules\@esbuild\android-x64
102 silly reify mark deleted [
102 silly reify   'C:\\Users\\maham\\Open Source\\react-portfolio\\node_modules\\@esbuild\\android-x64'
102 silly reify ]
103 verbose reify failed optional dependency C:\Users\maham\Open Source\react-portfolio\node_modules\@esbuild\android-arm64
104 silly reify mark deleted [
104 silly reify   'C:\\Users\\maham\\Open Source\\react-portfolio\\node_modules\\@esbuild\\android-arm64'
104 silly reify ]
105 verbose reify failed optional dependency C:\Users\maham\Open Source\react-portfolio\node_modules\@esbuild\android-arm
106 silly reify mark deleted [
106 silly reify   'C:\\Users\\maham\\Open Source\\react-portfolio\\node_modules\\@esbuild\\android-arm'
106 silly reify ]
107 verbose reify failed optional dependency C:\Users\maham\Open Source\react-portfolio\node_modules\@esbuild\aix-ppc64
108 silly reify mark deleted [
108 silly reify   'C:\\Users\\maham\\Open Source\\react-portfolio\\node_modules\\@esbuild\\aix-ppc64'
108 silly reify ]
109 http cache yallist@https://registry.npmjs.org/yallist/-/yallist-3.1.1.tgz 2ms (cache hit)
110 http cache update-browserslist-db@https://registry.npmjs.org/update-browserslist-db/-/update-browserslist-db-1.1.4.tgz 0ms (cache hit)
111 http cache vite@https://registry.npmjs.org/vite/-/vite-7.2.2.tgz 0ms (cache hit)
112 http cache tinyglobby@https://registry.npmjs.org/tinyglobby/-/tinyglobby-0.2.15.tgz 0ms (cache hit)
113 http cache source-map-js@https://registry.npmjs.org/source-map-js/-/source-map-js-1.2.1.tgz 0ms (cache hit)
114 http cache react-refresh@https://registry.npmjs.org/react-refresh/-/react-refresh-0.18.0.tgz 0ms (cache hit)
115 http cache semver@https://registry.npmjs.org/semver/-/semver-6.3.1.tgz 0ms (cache hit)
116 http cache scheduler@https://registry.npmjs.org/scheduler/-/scheduler-0.27.0.tgz 0ms (cache hit)
117 http cache rollup@https://registry.npmjs.org/rollup/-/rollup-4.53.2.tgz 0ms (cache hit)
118 http cache react@https://registry.npmjs.org/react/-/react-19.2.0.tgz 0ms (cache hit)
119 http cache postcss@https://registry.npmjs.org/postcss/-/postcss-8.5.6.tgz 0ms (cache hit)
120 http cache react-dom@https://registry.npmjs.org/react-dom/-/react-dom-19.2.0.tgz 0ms (cache hit)
121 http cache picomatch@https://registry.npmjs.org/picomatch/-/picomatch-4.0.3.tgz 0ms (cache hit)
122 http cache picocolors@https://registry.npmjs.org/picocolors/-/picocolors-1.1.1.tgz 0ms (cache hit)
123 http cache node-releases@https://registry.npmjs.org/node-releases/-/node-releases-2.0.27.tgz 0ms (cache hit)
124 http cache nanoid@https://registry.npmjs.org/nanoid/-/nanoid-3.3.11.tgz 0ms (cache hit)
125 http cache ms@https://registry.npmjs.org/ms/-/ms-2.1.3.tgz 0ms (cache hit)
126 http cache lru-cache@https://registry.npmjs.org/lru-cache/-/lru-cache-5.1.1.tgz 0ms (cache hit)
127 http cache jsesc@https://registry.npmjs.org/jsesc/-/jsesc-3.1.0.tgz 0ms (cache hit)
128 http cache json5@https://registry.npmjs.org/json5/-/json5-2.2.3.tgz 0ms (cache hit)
129 http cache js-tokens@https://registry.npmjs.org/js-tokens/-/js-tokens-4.0.0.tgz 0ms (cache hit)
130 http cache gensync@https://registry.npmjs.org/gensync/-/gensync-1.0.0-beta.2.tgz 0ms (cache hit)
131 http cache fdir@https://registry.npmjs.org/fdir/-/fdir-6.5.0.tgz 0ms (cache hit)
132 http cache escalade@https://registry.npmjs.org/escalade/-/escalade-3.2.0.tgz 0ms (cache hit)
133 http cache esbuild@https://registry.npmjs.org/esbuild/-/esbuild-0.25.12.tgz 0ms (cache hit)
134 http cache electron-to-chromium@https://registry.npmjs.org/electron-to-chromium/-/electron-to-chromium-1.5.250.tgz 0ms (cache hit)
135 http cache debug@https://registry.npmjs.org/debug/-/debug-4.4.3.tgz 1ms (cache hit)
136 http cache browserslist@https://registry.npmjs.org/browserslist/-/browserslist-4.28.0.tgz 0ms (cache hit)
137 http cache convert-source-map@https://registry.npmjs.org/convert-source-map/-/convert-source-map-2.0.0.tgz 0ms (cache hit)
138 http cache caniuse-lite@https://registry.npmjs.org/caniuse-lite/-/caniuse-lite-1.0.30001754.tgz 0ms (cache hit)
139 http cache @vitejs/plugin-react@https://registry.npmjs.org/@vitejs/plugin-react/-/plugin-react-5.1.0.tgz 0ms (cache hit)
140 http cache @types/estree@https://registry.npmjs.org/@types/estree/-/estree-1.0.8.tgz 0ms (cache hit)
141 http cache baseline-browser-mapping@https://registry.npmjs.org/baseline-browser-mapping/-/baseline-browser-mapping-2.8.26.tgz 0ms (cache hit)
142 http cache @types/babel__template@https://registry.npmjs.org/@types/babel__template/-/babel__template-7.4.4.tgz 0ms (cache hit)
143 http cache @types/babel__generator@https://registry.npmjs.org/@types/babel__generator/-/babel__generator-7.27.0.tgz 0ms (cache hit)
144 http cache @types/babel__traverse@https://registry.npmjs.org/@types/babel__traverse/-/babel__traverse-7.28.0.tgz 0ms (cache hit)
145 http cache @types/babel__core@https://registry.npmjs.org/@types/babel__core/-/babel__core-7.20.5.tgz 0ms (cache hit)
146 http cache @rollup/rollup-win32-x64-msvc@https://registry.npmjs.org/@rollup/rollup-win32-x64-msvc/-/rollup-win32-x64-msvc-4.53.2.tgz 0ms (cache hit)
147 http cache @rollup/rollup-win32-x64-gnu@https://registry.npmjs.org/@rollup/rollup-win32-x64-gnu/-/rollup-win32-x64-gnu-4.53.2.tgz 0ms (cache hit)
148 http cache @rolldown/pluginutils@https://registry.npmjs.org/@rolldown/pluginutils/-/pluginutils-1.0.0-beta.43.tgz 0ms (cache hit)
149 http cache @jridgewell/trace-mapping@https://registry.npmjs.org/@jridgewell/trace-mapping/-/trace-mapping-0.3.31.tgz 0ms (cache hit)
150 http cache @jridgewell/sourcemap-codec@https://registry.npmjs.org/@jridgewell/sourcemap-codec/-/sourcemap-codec-1.5.5.tgz 0ms (cache hit)
151 http cache @jridgewell/resolve-uri@https://registry.npmjs.org/@jridgewell/resolve-uri/-/resolve-uri-3.1.2.tgz 0ms (cache hit)
152 http cache @jridgewell/gen-mapping@https://registry.npmjs.org/@jridgewell/gen-mapping/-/gen-mapping-0.3.13.tgz 0ms (cache hit)
153 http cache @esbuild/win32-x64@https://registry.npmjs.org/@esbuild/win32-x64/-/win32-x64-0.25.12.tgz 0ms (cache hit)
154 http cache @jridgewell/remapping@https://registry.npmjs.org/@jridgewell/remapping/-/remapping-2.3.5.tgz 0ms (cache hit)
155 http cache @babel/traverse@https://registry.npmjs.org/@babel/traverse/-/traverse-7.28.5.tgz 0ms (cache hit)
156 http cache @babel/template@https://registry.npmjs.org/@babel/template/-/template-7.27.2.tgz 0ms (cache hit)
157 http cache @babel/types@https://registry.npmjs.org/@babel/types/-/types-7.28.5.tgz 0ms (cache hit)
158 http cache @babel/plugin-transform-react-jsx-source@https://registry.npmjs.org/@babel/plugin-transform-react-jsx-source/-/plugin-transform-react-jsx-source-7.27.1.tgz 0ms (cache hit)
159 http cache @babel/plugin-transform-react-jsx-self@https://registry.npmjs.org/@babel/plugin-transform-react-jsx-self/-/plugin-transform-react-jsx-self-7.27.1.tgz 0ms (cache hit)
160 http cache @babel/parser@https://registry.npmjs.org/@babel/parser/-/parser-7.28.5.tgz 0ms (cache hit)
161 http cache @babel/helpers@https://registry.npmjs.org/@babel/helpers/-/helpers-7.28.4.tgz 0ms (cache hit)
162 http cache @babel/helper-validator-option@https://registry.npmjs.org/@babel/helper-validator-option/-/helper-validator-option-7.27.1.tgz 0ms (cache hit)
163 http cache @babel/helper-validator-identifier@https://registry.npmjs.org/@babel/helper-validator-identifier/-/helper-validator-identifier-7.28.5.tgz 0ms (cache hit)
164 http cache @babel/helper-string-parser@https://registry.npmjs.org/@babel/helper-string-parser/-/helper-string-parser-7.27.1.tgz 0ms (cache hit)
165 http cache @babel/helper-module-transforms@https://registry.npmjs.org/@babel/helper-module-transforms/-/helper-module-transforms-7.28.3.tgz 0ms (cache hit)
166 http cache @babel/helper-plugin-utils@https://registry.npmjs.org/@babel/helper-plugin-utils/-/helper-plugin-utils-7.27.1.tgz 0ms (cache hit)
167 http cache @babel/helper-module-imports@https://registry.npmjs.org/@babel/helper-module-imports/-/helper-module-imports-7.27.1.tgz 0ms (cache hit)
168 http cache @babel/generator@https://registry.npmjs.org/@babel/generator/-/generator-7.28.5.tgz 0ms (cache hit)
169 http cache @babel/helper-globals@https://registry.npmjs.org/@babel/helper-globals/-/helper-globals-7.28.0.tgz 0ms (cache hit)
170 http cache @babel/core@https://registry.npmjs.org/@babel/core/-/core-7.28.5.tgz 0ms (cache hit)
171 http cache @babel/helper-compilation-targets@https://registry.npmjs.org/@babel/helper-compilation-targets/-/helper-compilation-targets-7.27.2.tgz 0ms (cache hit)
172 http cache @babel/compat-data@https://registry.npmjs.org/@babel/compat-data/-/compat-data-7.28.5.tgz 0ms (cache hit)
173 silly tarball no local data for yallist@https://registry.npmjs.org/yallist/-/yallist-3.1.1.tgz. Extracting by manifest.
174 silly tarball no local data for update-browserslist-db@https://registry.npmjs.org/update-browserslist-db/-/update-browserslist-db-1.1.4.tgz. Extracting by manifest.
175 silly tarball no local data for vite@https://registry.npmjs.org/vite/-/vite-7.2.2.tgz. Extracting by manifest.
176 http cache @babel/code-frame@https://registry.npmjs.org/@babel/code-frame/-/code-frame-7.27.1.tgz 0ms (cache hit)
177 silly tarball no local data for tinyglobby@https://registry.npmjs.org/tinyglobby/-/tinyglobby-0.2.15.tgz. Extracting by manifest.
178 silly tarball no local data for source-map-js@https://registry.npmjs.org/source-map-js/-/source-map-js-1.2.1.tgz. Extracting by manifest.
179 silly tarball no local data for react-refresh@https://registry.npmjs.org/react-refresh/-/react-refresh-0.18.0.tgz. Extracting by manifest.
180 silly tarball no local data for scheduler@https://registry.npmjs.org/scheduler/-/scheduler-0.27.0.tgz. Extracting by manifest.
181 silly tarball no local data for rollup@https://registry.npmjs.org/rollup/-/rollup-4.53.2.tgz. Extracting by manifest.
182 silly tarball no local data for react@https://registry.npmjs.org/react/-/react-19.2.0.tgz. Extracting by manifest.
183 silly tarball no local data for postcss@https://registry.npmjs.org/postcss/-/postcss-8.5.6.tgz. Extracting by manifest.
184 silly tarball no local data for react-dom@https://registry.npmjs.org/react-dom/-/react-dom-19.2.0.tgz. Extracting by manifest.
185 silly tarball no local data for picomatch@https://registry.npmjs.org/picomatch/-/picomatch-4.0.3.tgz. Extracting by manifest.
186 silly tarball no local data for picocolors@https://registry.npmjs.org/picocolors/-/picocolors-1.1.1.tgz. Extracting by manifest.
187 silly tarball no local data for node-releases@https://registry.npmjs.org/node-releases/-/node-releases-2.0.27.tgz. Extracting by manifest.
188 silly tarball no local data for nanoid@https://registry.npmjs.org/nanoid/-/nanoid-3.3.11.tgz. Extracting by manifest.
189 silly tarball no local data for ms@https://registry.npmjs.org/ms/-/ms-2.1.3.tgz. Extracting by manifest.
190 silly tarball no local data for lru-cache@https://registry.npmjs.org/lru-cache/-/lru-cache-5.1.1.tgz. Extracting by manifest.
191 silly tarball no local data for jsesc@https://registry.npmjs.org/jsesc/-/jsesc-3.1.0.tgz. Extracting by manifest.
192 silly tarball no local data for json5@https://registry.npmjs.org/json5/-/json5-2.2.3.tgz. Extracting by manifest.
193 silly tarball no local data for js-tokens@https://registry.npmjs.org/js-tokens/-/js-tokens-4.0.0.tgz. Extracting by manifest.
194 silly tarball no local data for gensync@https://registry.npmjs.org/gensync/-/gensync-1.0.0-beta.2.tgz. Extracting by manifest.
195 silly tarball no local data for fdir@https://registry.npmjs.org/fdir/-/fdir-6.5.0.tgz. Extracting by manifest.
196 silly tarball no local data for escalade@https://registry.npmjs.org/escalade/-/escalade-3.2.0.tgz. Extracting by manifest.
197 silly tarball no local data for esbuild@https://registry.npmjs.org/esbuild/-/esbuild-0.25.12.tgz. Extracting by manifest.
198 silly tarball no local data for electron-to-chromium@https://registry.npmjs.org/electron-to-chromium/-/electron-to-chromium-1.5.250.tgz. Extracting by manifest.
199 silly tarball no local data for debug@https://registry.npmjs.org/debug/-/debug-4.4.3.tgz. Extracting by manifest.
200 silly tarball no local data for browserslist@https://registry.npmjs.org/browserslist/-/browserslist-4.28.0.tgz. Extracting by manifest.
201 silly tarball no local data for convert-source-map@https://registry.npmjs.org/convert-source-map/-/convert-source-map-2.0.0.tgz. Extracting by manifest.
202 silly tarball no local data for caniuse-lite@https://registry.npmjs.org/caniuse-lite/-/caniuse-lite-1.0.30001754.tgz. Extracting by manifest.
203 silly tarball no local data for @vitejs/plugin-react@https://registry.npmjs.org/@vitejs/plugin-react/-/plugin-react-5.1.0.tgz. Extracting by manifest.
204 silly tarball no local data for @types/estree@https://registry.npmjs.org/@types/estree/-/estree-1.0.8.tgz. Extracting by manifest.
205 silly tarball no local data for baseline-browser-mapping@https://registry.npmjs.org/baseline-browser-mapping/-/baseline-browser-mapping-2.8.26.tgz. Extracting by manifest.
206 silly tarball no local data for @types/babel__template@https://registry.npmjs.org/@types/babel__template/-/babel__template-7.4.4.tgz. Extracting by manifest.
207 silly tarball no local data for @types/babel__generator@https://registry.npmjs.org/@types/babel__generator/-/babel__generator-7.27.0.tgz. Extracting by manifest.
208 silly tarball no local data for @types/babel__traverse@https://registry.npmjs.org/@types/babel__traverse/-/babel__traverse-7.28.0.tgz. Extracting by manifest.
209 silly tarball no local data for @types/babel__core@https://registry.npmjs.org/@types/babel__core/-/babel__core-7.20.5.tgz. Extracting by manifest.
210 silly tarball no local data for @rollup/rollup-win32-x64-msvc@https://registry.npmjs.org/@rollup/rollup-win32-x64-msvc/-/rollup-win32-x64-msvc-4.53.2.tgz. Extracting by manifest.
211 silly tarball no local data for @rollup/rollup-win32-x64-gnu@https://registry.npmjs.org/@rollup/rollup-win32-x64-gnu/-/rollup-win32-x64-gnu-4.53.2.tgz. Extracting by manifest.
212 silly tarball no local data for @rolldown/pluginutils@https://registry.npmjs.org/@rolldown/pluginutils/-/pluginutils-1.0.0-beta.43.tgz. Extracting by manifest.
213 silly tarball no local data for @jridgewell/trace-mapping@https://registry.npmjs.org/@jridgewell/trace-mapping/-/trace-mapping-0.3.31.tgz. Extracting by manifest.
214 silly tarball no local data for @jridgewell/sourcemap-codec@https://registry.npmjs.org/@jridgewell/sourcemap-codec/-/sourcemap-codec-1.5.5.tgz. Extracting by manifest.
215 silly tarball no local data for @jridgewell/resolve-uri@https://registry.npmjs.org/@jridgewell/resolve-uri/-/resolve-uri-3.1.2.tgz. Extracting by manifest.
216 silly tarball no local data for @jridgewell/gen-mapping@https://registry.npmjs.org/@jridgewell/gen-mapping/-/gen-mapping-0.3.13.tgz. Extracting by manifest.
217 silly tarball no local data for @esbuild/win32-x64@https://registry.npmjs.org/@esbuild/win32-x64/-/win32-x64-0.25.12.tgz. Extracting by manifest.
218 silly tarball no local data for @jridgewell/remapping@https://registry.npmjs.org/@jridgewell/remapping/-/remapping-2.3.5.tgz. Extracting by manifest.
219 silly tarball no local data for @babel/traverse@https://registry.npmjs.org/@babel/traverse/-/traverse-7.28.5.tgz. Extracting by manifest.
220 silly tarball no local data for @babel/template@https://registry.npmjs.org/@babel/template/-/template-7.27.2.tgz. Extracting by manifest.
221 silly tarball no local data for @babel/types@https://registry.npmjs.org/@babel/types/-/types-7.28.5.tgz. Extracting by manifest.
222 silly tarball no local data for @babel/plugin-transform-react-jsx-source@https://registry.npmjs.org/@babel/plugin-transform-react-jsx-source/-/plugin-transform-react-jsx-source-7.27.1.tgz. Extracting by manifest.
223 silly tarball no local data for @babel/plugin-transform-react-jsx-self@https://registry.npmjs.org/@babel/plugin-transform-react-jsx-self/-/plugin-transform-react-jsx-self-7.27.1.tgz. Extracting by manifest.
224 silly tarball no local data for @babel/parser@https://registry.npmjs.org/@babel/parser/-/parser-7.28.5.tgz. Extracting by manifest.
225 silly tarball no local data for @babel/helpers@https://registry.npmjs.org/@babel/helpers/-/helpers-7.28.4.tgz. Extracting by manifest.
226 silly tarball no local data for @babel/helper-validator-option@https://registry.npmjs.org/@babel/helper-validator-option/-/helper-validator-option-7.27.1.tgz. Extracting by manifest.
227 silly tarball no local data for @babel/helper-validator-identifier@https://registry.npmjs.org/@babel/helper-validator-identifier/-/helper-validator-identifier-7.28.5.tgz. Extracting by manifest.
228 silly tarball no local data for @babel/helper-string-parser@https://registry.npmjs.org/@babel/helper-string-parser/-/helper-string-parser-7.27.1.tgz. Extracting by manifest.
229 silly tarball no local data for @babel/helper-module-transforms@https://registry.npmjs.org/@babel/helper-module-transforms/-/helper-module-transforms-7.28.3.tgz. Extracting by manifest.
230 silly tarball no local data for @babel/helper-plugin-utils@https://registry.npmjs.org/@babel/helper-plugin-utils/-/helper-plugin-utils-7.27.1.tgz. Extracting by manifest.
231 silly tarball no local data for @babel/helper-module-imports@https://registry.npmjs.org/@babel/helper-module-imports/-/helper-module-imports-7.27.1.tgz. Extracting by manifest.
232 silly tarball no local data for @babel/generator@https://registry.npmjs.org/@babel/generator/-/generator-7.28.5.tgz. Extracting by manifest.
233 silly tarball no local data for @babel/helper-globals@https://registry.npmjs.org/@babel/helper-globals/-/helper-globals-7.28.0.tgz. Extracting by manifest.
234 silly tarball no local data for @babel/core@https://registry.npmjs.org/@babel/core/-/core-7.28.5.tgz. Extracting by manifest.
235 silly tarball no local data for @babel/helper-compilation-targets@https://registry.npmjs.org/@babel/helper-compilation-targets/-/helper-compilation-targets-7.27.2.tgz. Extracting by manifest.
236 silly tarball no local data for @babel/compat-data@https://registry.npmjs.org/@babel/compat-data/-/compat-data-7.28.5.tgz. Extracting by manifest.
237 silly tarball no local data for @babel/code-frame@https://registry.npmjs.org/@babel/code-frame/-/code-frame-7.27.1.tgz. Extracting by manifest.
238 http fetch GET 200 https://registry.npmjs.org/yallist/-/yallist-3.1.1.tgz 919ms (cache miss)
239 http fetch GET 200 https://registry.npmjs.org/picocolors/-/picocolors-1.1.1.tgz 918ms (cache miss)
240 http fetch GET 200 https://registry.npmjs.org/node-releases/-/node-releases-2.0.27.tgz 923ms (cache miss)
241 http fetch GET 200 https://registry.npmjs.org/tinyglobby/-/tinyglobby-0.2.15.tgz 967ms (cache miss)
242 http fetch GET 200 https://registry.npmjs.org/update-browserslist-db/-/update-browserslist-db-1.1.4.tgz 978ms (cache miss)
243 http fetch GET 200 https://registry.npmjs.org/react-refresh/-/react-refresh-0.18.0.tgz 992ms (cache miss)
244 http fetch GET 200 https://registry.npmjs.org/scheduler/-/scheduler-0.27.0.tgz 1022ms (cache miss)
245 http fetch POST 200 https://registry.npmjs.org/-/npm/v1/security/advisories/bulk 1413ms
246 silly audit report {}
247 http fetch GET 200 https://registry.npmjs.org/ms/-/ms-2.1.3.tgz 1238ms (cache miss)
248 http fetch GET 200 https://registry.npmjs.org/lru-cache/-/lru-cache-5.1.1.tgz 1322ms (cache miss)
249 http fetch GET 200 https://registry.npmjs.org/picomatch/-/picomatch-4.0.3.tgz 1330ms (cache miss)
250 http fetch GET 200 https://registry.npmjs.org/gensync/-/gensync-1.0.0-beta.2.tgz 1423ms (cache miss)
251 http fetch GET 200 https://registry.npmjs.org/js-tokens/-/js-tokens-4.0.0.tgz 1432ms (cache miss)
252 http fetch GET 200 https://registry.npmjs.org/jsesc/-/jsesc-3.1.0.tgz 1483ms (cache miss)
253 http fetch GET 200 https://registry.npmjs.org/convert-source-map/-/convert-source-map-2.0.0.tgz 1696ms (cache miss)
254 http fetch GET 200 https://registry.npmjs.org/source-map-js/-/source-map-js-1.2.1.tgz 1731ms (cache miss)
255 http fetch GET 200 https://registry.npmjs.org/react/-/react-19.2.0.tgz 1742ms (cache miss)
256 http fetch GET 200 https://registry.npmjs.org/fdir/-/fdir-6.5.0.tgz 1731ms (cache miss)
257 http fetch GET 200 https://registry.npmjs.org/@types/estree/-/estree-1.0.8.tgz 1752ms (cache miss)
258 http fetch GET 200 https://registry.npmjs.org/escalade/-/escalade-3.2.0.tgz 1795ms (cache miss)
259 http fetch GET 200 https://registry.npmjs.org/esbuild/-/esbuild-0.25.12.tgz 1797ms (cache miss)
260 http fetch GET 200 https://registry.npmjs.org/debug/-/debug-4.4.3.tgz 1814ms (cache miss)
261 http fetch GET 200 https://registry.npmjs.org/browserslist/-/browserslist-4.28.0.tgz 1830ms (cache miss)
262 http fetch GET 200 https://registry.npmjs.org/nanoid/-/nanoid-3.3.11.tgz 2013ms (cache miss)
263 http fetch GET 200 https://registry.npmjs.org/electron-to-chromium/-/electron-to-chromium-1.5.250.tgz 2070ms (cache miss)
264 http fetch GET 200 https://registry.npmjs.org/json5/-/json5-2.2.3.tgz 2094ms (cache miss)
265 http fetch GET 200 https://registry.npmjs.org/@types/babel__template/-/babel__template-7.4.4.tgz 2085ms (cache miss)
266 http fetch GET 200 https://registry.npmjs.org/@types/babel__core/-/babel__core-7.20.5.tgz 2116ms (cache miss)
267 http fetch GET 200 https://registry.npmjs.org/@types/babel__generator/-/babel__generator-7.27.0.tgz 2124ms (cache miss)
268 http fetch GET 200 https://registry.npmjs.org/baseline-browser-mapping/-/baseline-browser-mapping-2.8.26.tgz 2189ms (cache miss)
269 http fetch GET 200 https://registry.npmjs.org/postcss/-/postcss-8.5.6.tgz 2340ms (cache miss)
270 http fetch GET 200 https://registry.npmjs.org/@jridgewell/trace-mapping/-/trace-mapping-0.3.31.tgz 2595ms (cache miss)
271 http fetch GET 200 https://registry.npmjs.org/@rolldown/pluginutils/-/pluginutils-1.0.0-beta.43.tgz 3415ms (cache miss)
272 http fetch GET 200 https://registry.npmjs.org/@vitejs/plugin-react/-/plugin-react-5.1.0.tgz 3426ms (cache miss)
273 http fetch GET 200 https://registry.npmjs.org/@jridgewell/resolve-uri/-/resolve-uri-3.1.2.tgz 3427ms (cache miss)
274 http fetch GET 200 https://registry.npmjs.org/@types/babel__traverse/-/babel__traverse-7.28.0.tgz 3449ms (cache miss)
275 http fetch GET 200 https://registry.npmjs.org/@jridgewell/gen-mapping/-/gen-mapping-0.3.13.tgz 3502ms (cache miss)
276 http fetch GET 200 https://registry.npmjs.org/@babel/template/-/template-7.27.2.tgz 3595ms (cache miss)
277 http fetch GET 200 https://registry.npmjs.org/@jridgewell/remapping/-/remapping-2.3.5.tgz 3648ms (cache miss)
278 http fetch GET 200 https://registry.npmjs.org/@babel/plugin-transform-react-jsx-source/-/plugin-transform-react-jsx-source-7.27.1.tgz 4254ms (cache miss)
279 http fetch GET 200 https://registry.npmjs.org/@babel/plugin-transform-react-jsx-self/-/plugin-transform-react-jsx-self-7.27.1.tgz 4255ms (cache miss)
280 http fetch GET 200 https://registry.npmjs.org/@jridgewell/sourcemap-codec/-/sourcemap-codec-1.5.5.tgz 4465ms (cache miss)
281 http fetch GET 200 https://registry.npmjs.org/@babel/traverse/-/traverse-7.28.5.tgz 4498ms (cache miss)
282 http fetch GET 200 https://registry.npmjs.org/@babel/helper-validator-option/-/helper-validator-option-7.27.1.tgz 4857ms (cache miss)
283 http fetch GET 200 https://registry.npmjs.org/@babel/helper-string-parser/-/helper-string-parser-7.27.1.tgz 5449ms (cache miss)
284 http fetch GET 200 https://registry.npmjs.org/@babel/helper-validator-identifier/-/helper-validator-identifier-7.28.5.tgz 5454ms (cache miss)
285 http fetch GET 200 https://registry.npmjs.org/@babel/helper-plugin-utils/-/helper-plugin-utils-7.27.1.tgz 5627ms (cache miss)
286 http fetch GET 200 https://registry.npmjs.org/@babel/helper-module-transforms/-/helper-module-transforms-7.28.3.tgz 6113ms (cache miss)
287 http fetch GET 200 https://registry.npmjs.org/@babel/helper-globals/-/helper-globals-7.28.0.tgz 6128ms (cache miss)
288 http fetch GET 200 https://registry.npmjs.org/@babel/helper-module-imports/-/helper-module-imports-7.27.1.tgz 6229ms (cache miss)
289 http fetch GET 200 https://registry.npmjs.org/@babel/helper-compilation-targets/-/helper-compilation-targets-7.27.2.tgz 7064ms (cache miss)
290 http fetch GET 200 https://registry.npmjs.org/@babel/code-frame/-/code-frame-7.27.1.tgz 7153ms (cache miss)
291 http fetch GET 200 https://registry.npmjs.org/vite/-/vite-7.2.2.tgz 7262ms (cache miss)
292 http fetch GET 200 https://registry.npmjs.org/@babel/compat-data/-/compat-data-7.28.5.tgz 7284ms (cache miss)
293 http fetch GET 200 https://registry.npmjs.org/@babel/generator/-/generator-7.28.5.tgz 7398ms (cache miss)
294 http fetch GET 200 https://registry.npmjs.org/rollup/-/rollup-4.53.2.tgz 7666ms (cache miss)
295 http fetch GET 200 https://registry.npmjs.org/caniuse-lite/-/caniuse-lite-1.0.30001754.tgz 7723ms (cache miss)
296 http fetch GET 200 https://registry.npmjs.org/@babel/helpers/-/helpers-7.28.4.tgz 7876ms (cache miss)
297 http fetch GET 200 https://registry.npmjs.org/@babel/core/-/core-7.28.5.tgz 8935ms (cache miss)
298 http fetch GET 200 https://registry.npmjs.org/@babel/types/-/types-7.28.5.tgz 9743ms (cache miss)
299 http fetch GET 200 https://registry.npmjs.org/react-dom/-/react-dom-19.2.0.tgz 10765ms (cache miss)
300 http fetch GET 200 https://registry.npmjs.org/@babel/parser/-/parser-7.28.5.tgz 11177ms (cache miss)
301 http fetch GET 200 https://registry.npmjs.org/@rollup/rollup-win32-x64-msvc/-/rollup-win32-x64-msvc-4.53.2.tgz 12146ms (cache miss)
302 http fetch GET 200 https://registry.npmjs.org/@rollup/rollup-win32-x64-gnu/-/rollup-win32-x64-gnu-4.53.2.tgz 12639ms (cache miss)
303 http fetch GET 200 https://registry.npmjs.org/@esbuild/win32-x64/-/win32-x64-0.25.12.tgz 20186ms (cache miss)
304 info run esbuild@0.25.12 postinstall node_modules/esbuild node install.js
305 info run esbuild@0.25.12 postinstall { code: 0, signal: null }
306 silly ADD node_modules/yallist
307 silly ADD node_modules/vite
308 silly ADD node_modules/update-browserslist-db
309 silly ADD node_modules/tinyglobby
310 silly ADD node_modules/source-map-js
311 silly ADD node_modules/semver
312 silly ADD node_modules/scheduler
313 silly ADD node_modules/rollup
314 silly ADD node_modules/react-refresh
315 silly ADD node_modules/react-dom
316 silly ADD node_modules/react
317 silly ADD node_modules/postcss
318 silly ADD node_modules/picomatch
319 silly ADD node_modules/picocolors
320 silly ADD node_modules/node-releases
321 silly ADD node_modules/nanoid
322 silly ADD node_modules/ms
323 silly ADD node_modules/lru-cache
324 silly ADD node_modules/json5
325 silly ADD node_modules/jsesc
326 silly ADD node_modules/js-tokens
327 silly ADD node_modules/gensync
328 silly ADD
329 silly ADD node_modules/fdir
330 silly ADD node_modules/escalade
331 silly ADD node_modules/esbuild
332 silly ADD node_modules/electron-to-chromium
333 silly ADD node_modules/debug
334 silly ADD node_modules/convert-source-map
335 silly ADD node_modules/caniuse-lite
336 silly ADD node_modules/browserslist
337 silly ADD node_modules/baseline-browser-mapping
338 silly ADD node_modules/@vitejs/plugin-react
339 silly ADD node_modules/@types/estree
340 silly ADD node_modules/@types/babel__traverse
341 silly ADD node_modules/@types/babel__template
342 silly ADD node_modules/@types/babel__generator
343 silly ADD node_modules/@types/babel__core
344 silly ADD node_modules/@rollup/rollup-win32-x64-msvc
345 silly ADD node_modules/@rollup/rollup-win32-x64-gnu
346 silly ADD
347 silly ADD
348 silly ADD
349 silly ADD
350 silly ADD
351 silly ADD
352 silly ADD
353 silly ADD
354 silly ADD
355 silly ADD
356 silly ADD
357 silly ADD
358 silly ADD
359 silly ADD
360 silly ADD
361 silly ADD
362 silly ADD
363 silly ADD
364 silly ADD
365 silly ADD
366 silly ADD node_modules/@rolldown/pluginutils
367 silly ADD node_modules/@jridgewell/trace-mapping
368 silly ADD node_modules/@jridgewell/sourcemap-codec
369 silly ADD node_modules/@jridgewell/resolve-uri
370 silly ADD node_modules/@jridgewell/remapping
371 silly ADD node_modules/@jridgewell/gen-mapping
372 silly ADD node_modules/@esbuild/win32-x64
373 silly ADD
374 silly ADD
375 silly ADD
376 silly ADD
377 silly ADD
378 silly ADD
379 silly ADD
380 silly ADD
381 silly ADD
382 silly ADD
383 silly ADD
384 silly ADD
385 silly ADD
386 silly ADD
387 silly ADD
388 silly ADD
389 silly ADD
390 silly ADD
391 silly ADD
392 silly ADD
393 silly ADD
394 silly ADD
395 silly ADD
396 silly ADD
397 silly ADD
398 silly ADD node_modules/@babel/types
399 silly ADD node_modules/@babel/traverse
400 silly ADD node_modules/@babel/template
401 silly ADD node_modules/@babel/plugin-transform-react-jsx-source
402 silly ADD node_modules/@babel/plugin-transform-react-jsx-self
403 silly ADD node_modules/@babel/parser
404 silly ADD node_modules/@babel/helpers
405 silly ADD node_modules/@babel/helper-validator-option
406 silly ADD node_modules/@babel/helper-validator-identifier
407 silly ADD node_modules/@babel/helper-string-parser
408 silly ADD node_modules/@babel/helper-plugin-utils
409 silly ADD node_modules/@babel/helper-module-transforms
410 silly ADD node_modules/@babel/helper-module-imports
411 silly ADD node_modules/@babel/helper-globals
412 silly ADD node_modules/@babel/helper-compilation-targets
413 silly ADD node_modules/@babel/generator
414 silly ADD node_modules/@babel/core
415 silly ADD node_modules/@babel/compat-data
416 silly ADD node_modules/@babel/code-frame
417 verbose cwd C:\Users\maham\Open Source\react-portfolio
418 verbose os Windows_NT 10.0.26200
419 verbose node v22.16.0
420 verbose npm  v10.9.2
421 verbose exit 0
422 info ok
